<?xml version="1.0" encoding="UTF-8"?>
<!-- Generated by org.testng.reporters.JUnitReportReporter -->
<testsuite skipped="0" hostname="MSI" name="FirstTest" tests="1" failures="0" timestamp="23 stu 2018 08:26:37 GMT" time="18.311" errors="0">
  <testcase name="demoLogin" time="18.311" classname="FirstTest"/>
</testsuite> <!-- FirstTest -->
